{"/home/phemmelliot/Desktop/Andela/Andela-Developer-Challenge/server.js":{"path":"/home/phemmelliot/Desktop/Andela/Andela-Developer-Challenge/server.js","s":{"1":1,"2":1,"3":1,"4":1,"5":1,"6":1,"7":1,"8":1,"9":1,"10":1,"11":1,"12":1,"13":5,"14":1,"15":1,"16":1,"17":1,"18":1,"19":1,"20":1,"21":1},"b":{"1":[2,3],"2":[5,5],"3":[1,1]},"f":{"1":5,"2":1},"fnMap":{"1":{"name":"_interopRequireDefault","line":0,"loc":{"start":{"line":0,"column":0},"end":{"line":0,"column":0}},"skip":true},"2":{"name":"(anonymous_2)","line":21,"loc":{"start":{"line":21,"column":52},"end":{"line":21,"column":58}}}},"statementMap":{"1":{"start":{"line":0,"column":0},"end":{"line":0,"column":0},"skip":true},"2":{"start":{"line":1,"column":0},"end":{"line":null,"column":null}},"3":{"start":{"line":0,"column":0},"end":{"line":0,"column":0},"skip":true},"4":{"start":{"line":2,"column":0},"end":{"line":null,"column":null}},"5":{"start":{"line":0,"column":0},"end":{"line":0,"column":0},"skip":true},"6":{"start":{"line":3,"column":0},"end":{"line":null,"column":null}},"7":{"start":{"line":0,"column":0},"end":{"line":0,"column":0},"skip":true},"8":{"start":{"line":4,"column":0},"end":{"line":null,"column":null}},"9":{"start":{"line":0,"column":0},"end":{"line":0,"column":0},"skip":true},"10":{"start":{"line":5,"column":0},"end":{"line":null,"column":null}},"11":{"start":{"line":0,"column":0},"end":{"line":0,"column":0},"skip":true},"12":{"start":{"line":0,"column":0},"end":{"line":0,"column":0},"skip":true},"13":{"start":{"line":0,"column":0},"end":{"line":0,"column":0},"skip":true},"14":{"start":{"line":7,"column":0},"end":{"line":null,"column":null}},"15":{"start":{"line":8,"column":0},"end":{"line":null,"column":null}},"16":{"start":{"line":11,"column":0},"end":{"line":null,"column":null}},"17":{"start":{"line":14,"column":0},"end":{"line":null,"column":null}},"18":{"start":{"line":15,"column":0},"end":{"line":null,"column":null}},"19":{"start":{"line":17,"column":0},"end":{"line":null,"column":null}},"20":{"start":{"line":21,"column":0},"end":{"line":null,"column":null}},"21":{"start":{"line":26,"column":15},"end":{"line":null,"column":null}}},"branchMap":{"1":{"line":0,"type":"cond-expr","locations":[{"start":{"line":0,"column":0},"end":{"line":0,"column":0},"skip":true},{"start":{"line":0,"column":0},"end":{"line":0,"column":0},"skip":true}]},"2":{"line":0,"type":"binary-expr","locations":[{"start":{"line":0,"column":0},"end":{"line":0,"column":0},"skip":true},{"start":{"line":0,"column":0},"end":{"line":0,"column":0},"skip":true}]},"3":{"line":21,"type":"binary-expr","locations":[{"start":{"line":21,"column":26},"end":{"line":21,"column":26}},{"start":{"line":21,"column":46},"end":{"line":21,"column":15}}]}}},"/home/phemmelliot/Desktop/Andela/Andela-Developer-Challenge/app/routes/index.js":{"path":"/home/phemmelliot/Desktop/Andela/Andela-Developer-Challenge/app/routes/index.js","s":{"1":1,"2":1,"3":1,"4":1,"5":1,"6":1,"7":1,"8":2,"9":1,"10":1,"11":1,"12":1,"13":1},"b":{"1":[2,0],"2":[2,2]},"f":{"1":2,"2":1},"fnMap":{"1":{"name":"_interopRequireDefault","line":0,"loc":{"start":{"line":0,"column":0},"end":{"line":0,"column":0}},"skip":true},"2":{"name":"router","line":7,"loc":{"start":{"line":7,"column":15},"end":{"line":7,"column":36}}}},"statementMap":{"1":{"start":{"line":0,"column":0},"end":{"line":0,"column":0},"skip":true},"2":{"start":{"line":7,"column":24},"end":{"line":null,"column":null}},"3":{"start":{"line":1,"column":0},"end":{"line":null,"column":null}},"4":{"start":{"line":0,"column":0},"end":{"line":0,"column":0},"skip":true},"5":{"start":{"line":2,"column":0},"end":{"line":null,"column":null}},"6":{"start":{"line":0,"column":0},"end":{"line":0,"column":0},"skip":true},"7":{"start":{"line":0,"column":0},"end":{"line":0,"column":0},"skip":true},"8":{"start":{"line":0,"column":0},"end":{"line":0,"column":0},"skip":true},"9":{"start":{"line":4,"column":0},"end":{"line":null,"column":null}},"10":{"start":{"line":5,"column":0},"end":{"line":null,"column":null}},"11":{"start":{"line":7,"column":15},"end":{"line":null,"column":null}},"12":{"start":{"line":8,"column":14},"end":{"line":null,"column":null}},"13":{"start":{"line":9,"column":12},"end":{"line":null,"column":null}}},"branchMap":{"1":{"line":0,"type":"cond-expr","locations":[{"start":{"line":0,"column":0},"end":{"line":0,"column":0},"skip":true},{"start":{"line":0,"column":0},"end":{"line":0,"column":0},"skip":true}]},"2":{"line":0,"type":"binary-expr","locations":[{"start":{"line":0,"column":0},"end":{"line":0,"column":0},"skip":true},{"start":{"line":0,"column":0},"end":{"line":0,"column":0},"skip":true}]}}},"/home/phemmelliot/Desktop/Andela/Andela-Developer-Challenge/app/routes/entryRoutes.js":{"path":"/home/phemmelliot/Desktop/Andela/Andela-Developer-Challenge/app/routes/entryRoutes.js","s":{"1":1,"2":1,"3":1,"4":1,"5":1,"6":1,"7":1,"8":1,"9":1,"10":1,"11":1,"12":1,"13":1},"b":{"1":[1,0],"2":[1,1]},"f":{"1":1,"2":1},"fnMap":{"1":{"name":"_interopRequireDefault","line":0,"loc":{"start":{"line":0,"column":0},"end":{"line":0,"column":0}},"skip":true},"2":{"name":"route","line":6,"loc":{"start":{"line":6,"column":15},"end":{"line":6,"column":35}}}},"statementMap":{"1":{"start":{"line":0,"column":0},"end":{"line":0,"column":0},"skip":true},"2":{"start":{"line":6,"column":24},"end":{"line":null,"column":null}},"3":{"start":{"line":1,"column":0},"end":{"line":null,"column":null}},"4":{"start":{"line":4,"column":0},"end":{"line":null,"column":null}},"5":{"start":{"line":0,"column":0},"end":{"line":0,"column":0},"skip":true},"6":{"start":{"line":0,"column":0},"end":{"line":0,"column":0},"skip":true},"7":{"start":{"line":0,"column":0},"end":{"line":0,"column":0},"skip":true},"8":{"start":{"line":6,"column":15},"end":{"line":null,"column":null}},"9":{"start":{"line":10,"column":6},"end":{"line":null,"column":null}},"10":{"start":{"line":14,"column":6},"end":{"line":null,"column":null}},"11":{"start":{"line":18,"column":6},"end":{"line":null,"column":null}},"12":{"start":{"line":22,"column":6},"end":{"line":null,"column":null}},"13":{"start":{"line":26,"column":6},"end":{"line":null,"column":null}}},"branchMap":{"1":{"line":0,"type":"cond-expr","locations":[{"start":{"line":0,"column":0},"end":{"line":0,"column":0},"skip":true},{"start":{"line":0,"column":0},"end":{"line":0,"column":0},"skip":true}]},"2":{"line":0,"type":"binary-expr","locations":[{"start":{"line":0,"column":0},"end":{"line":0,"column":0},"skip":true},{"start":{"line":0,"column":0},"end":{"line":0,"column":0},"skip":true}]}}},"/home/phemmelliot/Desktop/Andela/Andela-Developer-Challenge/app/controller/entryController.js":{"path":"/home/phemmelliot/Desktop/Andela/Andela-Developer-Challenge/app/controller/entryController.js","s":{"1":1,"2":1,"3":1,"4":1,"5":1,"6":1,"7":1,"8":1,"9":2,"10":2,"11":1,"12":1,"13":1,"14":1,"15":1,"16":1,"17":1,"18":1,"19":1,"20":1,"21":1,"22":1,"23":0,"24":1,"25":1,"26":2,"27":2,"28":0,"29":0,"30":2,"31":2,"32":1,"33":1,"34":1,"35":1,"36":2,"37":2,"38":0,"39":0,"40":2,"41":2,"42":2,"43":1,"44":1,"45":1,"46":1,"47":4,"48":2,"49":2,"50":2,"51":2,"52":1,"53":1,"54":1,"55":1,"56":0,"57":0,"58":1,"59":1,"60":1,"61":0,"62":1,"63":1,"64":1,"65":2,"66":2,"67":2,"68":0,"69":0,"70":2,"71":2,"72":0,"73":0,"74":2,"75":2,"76":2,"77":0,"78":2,"79":2,"80":0,"81":0,"82":1,"83":2,"84":2,"85":2,"86":0,"87":0,"88":2,"89":2,"90":0,"91":2,"92":2,"93":2,"94":0,"95":2,"96":2,"97":1,"98":1,"99":1,"100":1,"101":1,"102":1,"103":1,"104":1},"b":{"1":[1,0],"2":[1,1],"3":[1,1],"4":[1,0],"5":[1,1,1],"6":[0,2],"7":[1,1],"8":[0,2],"9":[1,1],"10":[2,2],"11":[2,2],"12":[4,3],"13":[1,1],"14":[0,1],"15":[0,1],"16":[2,0],"17":[0,2],"18":[0,2],"19":[0,2],"20":[0,2],"21":[0,2],"22":[0,2],"23":[1,1]},"f":{"1":1,"2":2,"3":2,"4":2,"5":2,"6":2,"7":2,"8":4,"9":2,"10":1,"11":2,"12":2,"13":2,"14":2,"15":2,"16":2},"fnMap":{"1":{"name":"_interopRequireDefault","line":0,"loc":{"start":{"line":0,"column":0},"end":{"line":0,"column":0}},"skip":true},"2":{"name":"isEditable","line":5,"loc":{"start":{"line":5,"column":19},"end":{"line":5,"column":28}}},"3":{"name":"(anonymous_3)","line":6,"loc":{"start":{"line":6,"column":195},"end":{"line":6,"column":216}}},"4":{"name":"getEntry","line":31,"loc":{"start":{"line":31,"column":17},"end":{"line":31,"column":31}}},"5":{"name":"(anonymous_5)","line":32,"loc":{"start":{"line":32,"column":107},"end":{"line":32,"column":123}}},"6":{"name":"getEntries","line":51,"loc":{"start":{"line":51,"column":19},"end":{"line":51,"column":33}}},"7":{"name":"(anonymous_7)","line":52,"loc":{"start":{"line":52,"column":99},"end":{"line":52,"column":115}}},"8":{"name":"createEntry","line":73,"loc":{"start":{"line":73,"column":20},"end":{"line":73,"column":34}}},"9":{"name":"(anonymous_9)","line":79,"loc":{"start":{"line":79,"column":60},"end":{"line":79,"column":71}}},"10":{"name":"(anonymous_10)","line":84,"loc":{"start":{"line":84,"column":107},"end":{"line":84,"column":123}}},"11":{"name":"updateEntry","line":104,"loc":{"start":{"line":104,"column":20},"end":{"line":104,"column":34}}},"12":{"name":"(anonymous_12)","line":107,"loc":{"start":{"line":107,"column":75},"end":{"line":107,"column":86}}},"13":{"name":"(anonymous_13)","line":112,"loc":{"start":{"line":112,"column":107},"end":{"line":112,"column":123}}},"14":{"name":"deleteEntry","line":135,"loc":{"start":{"line":135,"column":20},"end":{"line":135,"column":34}}},"15":{"name":"(anonymous_15)","line":137,"loc":{"start":{"line":137,"column":105},"end":{"line":137,"column":122}}},"16":{"name":"(anonymous_16)","line":142,"loc":{"start":{"line":142,"column":103},"end":{"line":142,"column":121}}}},"statementMap":{"1":{"start":{"line":0,"column":0},"end":{"line":0,"column":0},"skip":true},"2":{"start":{"line":0,"column":0},"end":{"line":0,"column":0},"skip":true},"3":{"start":{"line":1,"column":0},"end":{"line":null,"column":null}},"4":{"start":{"line":0,"column":0},"end":{"line":0,"column":0},"skip":true},"5":{"start":{"line":0,"column":0},"end":{"line":0,"column":0},"skip":true},"6":{"start":{"line":0,"column":0},"end":{"line":0,"column":0},"skip":true},"7":{"start":{"line":3,"column":0},"end":{"line":null,"column":null}},"8":{"start":{"line":5,"column":0},"end":{"line":null,"column":null}},"9":{"start":{"line":6,"column":7},"end":{"line":null,"column":null}},"10":{"start":{"line":7,"column":8},"end":{"line":null,"column":null}},"11":{"start":{"line":8,"column":12},"end":{"line":null,"column":null}},"12":{"start":{"line":9,"column":12},"end":{"line":null,"column":null}},"13":{"start":{"line":10,"column":12},"end":{"line":null,"column":null}},"14":{"start":{"line":11,"column":12},"end":{"line":null,"column":null}},"15":{"start":{"line":13,"column":12},"end":{"line":null,"column":null}},"16":{"start":{"line":14,"column":12},"end":{"line":null,"column":null}},"17":{"start":{"line":15,"column":12},"end":{"line":null,"column":null}},"18":{"start":{"line":17,"column":12},"end":{"line":null,"column":null}},"19":{"start":{"line":18,"column":12},"end":{"line":null,"column":null}},"20":{"start":{"line":19,"column":12},"end":{"line":null,"column":null}},"21":{"start":{"line":22,"column":10},"end":{"line":null,"column":null}},"22":{"start":{"line":23,"column":15},"end":{"line":null,"column":null}},"23":{"start":{"line":25,"column":13},"end":{"line":null,"column":null}},"24":{"start":{"line":27,"column":11},"end":{"line":null,"column":null}},"25":{"start":{"line":31,"column":0},"end":{"line":null,"column":null}},"26":{"start":{"line":32,"column":7},"end":{"line":null,"column":null}},"27":{"start":{"line":33,"column":8},"end":{"line":null,"column":null}},"28":{"start":{"line":34,"column":12},"end":{"line":null,"column":null}},"29":{"start":{"line":35,"column":10},"end":{"line":null,"column":null}},"30":{"start":{"line":38,"column":12},"end":{"line":null,"column":null}},"31":{"start":{"line":41,"column":10},"end":{"line":null,"column":null}},"32":{"start":{"line":42,"column":12},"end":{"line":null,"column":null}},"33":{"start":{"line":44,"column":14},"end":{"line":null,"column":null}},"34":{"start":{"line":45,"column":12},"end":{"line":null,"column":null}},"35":{"start":{"line":51,"column":0},"end":{"line":null,"column":null}},"36":{"start":{"line":52,"column":7},"end":{"line":null,"column":null}},"37":{"start":{"line":53,"column":8},"end":{"line":null,"column":null}},"38":{"start":{"line":55,"column":12},"end":{"line":null,"column":null}},"39":{"start":{"line":56,"column":10},"end":{"line":null,"column":null}},"40":{"start":{"line":58,"column":12},"end":{"line":null,"column":null}},"41":{"start":{"line":59,"column":12},"end":{"line":null,"column":null}},"42":{"start":{"line":62,"column":10},"end":{"line":null,"column":null}},"43":{"start":{"line":63,"column":12},"end":{"line":null,"column":null}},"44":{"start":{"line":66,"column":14},"end":{"line":null,"column":null}},"45":{"start":{"line":67,"column":12},"end":{"line":null,"column":null}},"46":{"start":{"line":73,"column":0},"end":{"line":null,"column":null}},"47":{"start":{"line":74,"column":6},"end":{"line":null,"column":null}},"48":{"start":{"line":75,"column":15},"end":{"line":null,"column":null}},"49":{"start":{"line":76,"column":8},"end":{"line":null,"column":null}},"50":{"start":{"line":78,"column":9},"end":{"line":null,"column":null}},"51":{"start":{"line":80,"column":12},"end":{"line":null,"column":null}},"52":{"start":{"line":81,"column":16},"end":{"line":null,"column":null}},"53":{"start":{"line":82,"column":14},"end":{"line":null,"column":null}},"54":{"start":{"line":84,"column":15},"end":{"line":null,"column":null}},"55":{"start":{"line":85,"column":16},"end":{"line":null,"column":null}},"56":{"start":{"line":86,"column":20},"end":{"line":null,"column":null}},"57":{"start":{"line":87,"column":18},"end":{"line":null,"column":null}},"58":{"start":{"line":89,"column":20},"end":{"line":null,"column":null}},"59":{"start":{"line":90,"column":20},"end":{"line":null,"column":null}},"60":{"start":{"line":91,"column":18},"end":{"line":null,"column":null}},"61":{"start":{"line":92,"column":20},"end":{"line":null,"column":null}},"62":{"start":{"line":94,"column":22},"end":{"line":null,"column":null}},"63":{"start":{"line":95,"column":20},"end":{"line":null,"column":null}},"64":{"start":{"line":104,"column":0},"end":{"line":null,"column":null}},"65":{"start":{"line":105,"column":6},"end":{"line":null,"column":null}},"66":{"start":{"line":106,"column":9},"end":{"line":null,"column":null}},"67":{"start":{"line":108,"column":12},"end":{"line":null,"column":null}},"68":{"start":{"line":109,"column":16},"end":{"line":null,"column":null}},"69":{"start":{"line":110,"column":14},"end":{"line":null,"column":null}},"70":{"start":{"line":112,"column":15},"end":{"line":null,"column":null}},"71":{"start":{"line":113,"column":16},"end":{"line":null,"column":null}},"72":{"start":{"line":114,"column":20},"end":{"line":null,"column":null}},"73":{"start":{"line":115,"column":18},"end":{"line":null,"column":null}},"74":{"start":{"line":117,"column":20},"end":{"line":null,"column":null}},"75":{"start":{"line":118,"column":20},"end":{"line":null,"column":null}},"76":{"start":{"line":119,"column":18},"end":{"line":null,"column":null}},"77":{"start":{"line":120,"column":20},"end":{"line":null,"column":null}},"78":{"start":{"line":122,"column":22},"end":{"line":null,"column":null}},"79":{"start":{"line":123,"column":20},"end":{"line":null,"column":null}},"80":{"start":{"line":130,"column":10},"end":{"line":null,"column":null}},"81":{"start":{"line":131,"column":8},"end":{"line":null,"column":null}},"82":{"start":{"line":135,"column":0},"end":{"line":null,"column":null}},"83":{"start":{"line":136,"column":6},"end":{"line":null,"column":null}},"84":{"start":{"line":137,"column":7},"end":{"line":null,"column":null}},"85":{"start":{"line":138,"column":8},"end":{"line":null,"column":null}},"86":{"start":{"line":139,"column":14},"end":{"line":null,"column":null}},"87":{"start":{"line":140,"column":10},"end":{"line":null,"column":null}},"88":{"start":{"line":142,"column":11},"end":{"line":null,"column":null}},"89":{"start":{"line":143,"column":12},"end":{"line":null,"column":null}},"90":{"start":{"line":144,"column":14},"end":{"line":null,"column":null}},"91":{"start":{"line":146,"column":16},"end":{"line":null,"column":null}},"92":{"start":{"line":147,"column":16},"end":{"line":null,"column":null}},"93":{"start":{"line":148,"column":14},"end":{"line":null,"column":null}},"94":{"start":{"line":149,"column":16},"end":{"line":null,"column":null}},"95":{"start":{"line":151,"column":18},"end":{"line":null,"column":null}},"96":{"start":{"line":152,"column":16},"end":{"line":null,"column":null}},"97":{"start":{"line":153,"column":20},"end":{"line":null,"column":null}},"98":{"start":{"line":154,"column":18},"end":{"line":null,"column":null}},"99":{"start":{"line":156,"column":18},"end":{"line":null,"column":null}},"100":{"start":{"line":166,"column":2},"end":{"line":null,"column":null}},"101":{"start":{"line":166,"column":12},"end":{"line":null,"column":null}},"102":{"start":{"line":166,"column":24},"end":{"line":null,"column":null}},"103":{"start":{"line":166,"column":37},"end":{"line":null,"column":null}},"104":{"start":{"line":166,"column":50},"end":{"line":null,"column":null}}},"branchMap":{"1":{"line":0,"type":"cond-expr","locations":[{"start":{"line":0,"column":0},"end":{"line":0,"column":0},"skip":true},{"start":{"line":0,"column":0},"end":{"line":0,"column":0},"skip":true}]},"2":{"line":0,"type":"binary-expr","locations":[{"start":{"line":0,"column":0},"end":{"line":0,"column":0},"skip":true},{"start":{"line":0,"column":0},"end":{"line":0,"column":0},"skip":true}]},"3":{"line":7,"type":"if","locations":[{"start":{"line":7,"column":8},"end":{"line":7,"column":8}},{"start":{"line":7,"column":8},"end":{"line":7,"column":8}}]},"4":{"line":22,"type":"if","locations":[{"start":{"line":22,"column":10},"end":{"line":22,"column":10}},{"start":{"line":22,"column":10},"end":{"line":22,"column":10}}]},"5":{"line":22,"type":"binary-expr","locations":[{"start":{"line":22,"column":10},"end":{"line":22,"column":10}},{"start":{"line":22,"column":27},"end":{"line":22,"column":10}},{"start":{"line":22,"column":46},"end":{"line":22,"column":6}}]},"6":{"line":33,"type":"if","locations":[{"start":{"line":33,"column":8},"end":{"line":33,"column":8}},{"start":{"line":33,"column":8},"end":{"line":33,"column":8}}]},"7":{"line":41,"type":"if","locations":[{"start":{"line":41,"column":10},"end":{"line":41,"column":10}},{"start":{"line":41,"column":10},"end":{"line":41,"column":10}}]},"8":{"line":53,"type":"if","locations":[{"start":{"line":53,"column":8},"end":{"line":53,"column":8}},{"start":{"line":53,"column":8},"end":{"line":53,"column":8}}]},"9":{"line":62,"type":"if","locations":[{"start":{"line":62,"column":10},"end":{"line":62,"column":10}},{"start":{"line":62,"column":10},"end":{"line":62,"column":10}}]},"10":{"line":62,"type":"binary-expr","locations":[{"start":{"line":62,"column":10},"end":{"line":62,"column":10}},{"start":{"line":62,"column":38},"end":{"line":62,"column":6}}]},"11":{"line":74,"type":"if","locations":[{"start":{"line":74,"column":6},"end":{"line":74,"column":6}},{"start":{"line":74,"column":6},"end":{"line":74,"column":6}}]},"12":{"line":74,"type":"binary-expr","locations":[{"start":{"line":74,"column":6},"end":{"line":74,"column":6}},{"start":{"line":74,"column":31},"end":{"line":74,"column":2}}]},"13":{"line":80,"type":"if","locations":[{"start":{"line":80,"column":12},"end":{"line":80,"column":12}},{"start":{"line":80,"column":12},"end":{"line":80,"column":12}}]},"14":{"line":85,"type":"if","locations":[{"start":{"line":85,"column":16},"end":{"line":85,"column":16}},{"start":{"line":85,"column":16},"end":{"line":85,"column":16}}]},"15":{"line":91,"type":"if","locations":[{"start":{"line":91,"column":18},"end":{"line":91,"column":18}},{"start":{"line":91,"column":18},"end":{"line":91,"column":18}}]},"16":{"line":105,"type":"if","locations":[{"start":{"line":105,"column":6},"end":{"line":105,"column":6}},{"start":{"line":105,"column":6},"end":{"line":105,"column":6}}]},"17":{"line":108,"type":"if","locations":[{"start":{"line":108,"column":12},"end":{"line":108,"column":12}},{"start":{"line":108,"column":12},"end":{"line":108,"column":12}}]},"18":{"line":113,"type":"if","locations":[{"start":{"line":113,"column":16},"end":{"line":113,"column":16}},{"start":{"line":113,"column":16},"end":{"line":113,"column":16}}]},"19":{"line":119,"type":"if","locations":[{"start":{"line":119,"column":18},"end":{"line":119,"column":18}},{"start":{"line":119,"column":18},"end":{"line":119,"column":18}}]},"20":{"line":138,"type":"if","locations":[{"start":{"line":138,"column":8},"end":{"line":138,"column":8}},{"start":{"line":138,"column":8},"end":{"line":138,"column":8}}]},"21":{"line":143,"type":"if","locations":[{"start":{"line":143,"column":12},"end":{"line":143,"column":12}},{"start":{"line":143,"column":12},"end":{"line":143,"column":12}}]},"22":{"line":148,"type":"if","locations":[{"start":{"line":148,"column":14},"end":{"line":148,"column":14}},{"start":{"line":148,"column":14},"end":{"line":148,"column":14}}]},"23":{"line":152,"type":"if","locations":[{"start":{"line":152,"column":16},"end":{"line":152,"column":16}},{"start":{"line":152,"column":16},"end":{"line":152,"column":16}}]}}},"/home/phemmelliot/Desktop/Andela/Andela-Developer-Challenge/app/db/pool.js":{"path":"/home/phemmelliot/Desktop/Andela/Andela-Developer-Challenge/app/db/pool.js","s":{"1":1,"2":1,"3":1,"4":1,"5":1,"6":1,"7":1,"8":1,"9":1,"10":1},"b":{"1":[0,1],"2":[1,1]},"f":{"1":1},"fnMap":{"1":{"name":"_interopRequireDefault","line":0,"loc":{"start":{"line":0,"column":0},"end":{"line":0,"column":0}},"skip":true}},"statementMap":{"1":{"start":{"line":0,"column":0},"end":{"line":0,"column":0},"skip":true},"2":{"start":{"line":1,"column":0},"end":{"line":null,"column":null}},"3":{"start":{"line":2,"column":0},"end":{"line":null,"column":null}},"4":{"start":{"line":0,"column":0},"end":{"line":0,"column":0},"skip":true},"5":{"start":{"line":0,"column":0},"end":{"line":0,"column":0},"skip":true},"6":{"start":{"line":0,"column":0},"end":{"line":0,"column":0},"skip":true},"7":{"start":{"line":4,"column":0},"end":{"line":null,"column":null}},"8":{"start":{"line":5,"column":0},"end":{"line":null,"column":null}},"9":{"start":{"line":6,"column":0},"end":{"line":null,"column":null}},"10":{"start":{"line":8,"column":15},"end":{"line":null,"column":null}}},"branchMap":{"1":{"line":0,"type":"cond-expr","locations":[{"start":{"line":0,"column":0},"end":{"line":0,"column":0},"skip":true},{"start":{"line":0,"column":0},"end":{"line":0,"column":0},"skip":true}]},"2":{"line":0,"type":"binary-expr","locations":[{"start":{"line":0,"column":0},"end":{"line":0,"column":0},"skip":true},{"start":{"line":0,"column":0},"end":{"line":0,"column":0},"skip":true}]}}},"/home/phemmelliot/Desktop/Andela/Andela-Developer-Challenge/app/middleware/checkAuth.js":{"path":"/home/phemmelliot/Desktop/Andela/Andela-Developer-Challenge/app/middleware/checkAuth.js","s":{"1":1,"2":1,"3":1,"4":1,"5":1,"6":1,"7":2,"8":1,"9":1,"10":20,"11":20,"12":14,"13":14,"14":14,"15":6},"b":{"1":[0,2],"2":[2,2]},"f":{"1":2,"2":20},"fnMap":{"1":{"name":"_interopRequireDefault","line":0,"loc":{"start":{"line":0,"column":0},"end":{"line":0,"column":0}},"skip":true},"2":{"name":"(anonymous_2)","line":6,"loc":{"start":{"line":6,"column":15},"end":{"line":6,"column":35}}}},"statementMap":{"1":{"start":{"line":0,"column":0},"end":{"line":0,"column":0},"skip":true},"2":{"start":{"line":1,"column":0},"end":{"line":null,"column":null}},"3":{"start":{"line":0,"column":0},"end":{"line":0,"column":0},"skip":true},"4":{"start":{"line":2,"column":0},"end":{"line":null,"column":null}},"5":{"start":{"line":0,"column":0},"end":{"line":0,"column":0},"skip":true},"6":{"start":{"line":0,"column":0},"end":{"line":0,"column":0},"skip":true},"7":{"start":{"line":0,"column":0},"end":{"line":0,"column":0},"skip":true},"8":{"start":{"line":4,"column":0},"end":{"line":null,"column":null}},"9":{"start":{"line":6,"column":15},"end":{"line":null,"column":null}},"10":{"start":{"line":7,"column":6},"end":{"line":null,"column":null}},"11":{"start":{"line":8,"column":10},"end":{"line":null,"column":null}},"12":{"start":{"line":9,"column":10},"end":{"line":null,"column":null}},"13":{"start":{"line":10,"column":8},"end":{"line":null,"column":null}},"14":{"start":{"line":0,"column":0},"end":{"line":0,"column":0},"skip":true},"15":{"start":{"line":13,"column":8},"end":{"line":null,"column":null}}},"branchMap":{"1":{"line":0,"type":"cond-expr","locations":[{"start":{"line":0,"column":0},"end":{"line":0,"column":0},"skip":true},{"start":{"line":0,"column":0},"end":{"line":0,"column":0},"skip":true}]},"2":{"line":0,"type":"binary-expr","locations":[{"start":{"line":0,"column":0},"end":{"line":0,"column":0},"skip":true},{"start":{"line":0,"column":0},"end":{"line":0,"column":0},"skip":true}]}}},"/home/phemmelliot/Desktop/Andela/Andela-Developer-Challenge/app/routes/userRoute.js":{"path":"/home/phemmelliot/Desktop/Andela/Andela-Developer-Challenge/app/routes/userRoute.js","s":{"1":1,"2":1,"3":1,"4":1,"5":1,"6":1,"7":1,"8":1,"9":1,"10":1,"11":1,"12":1},"b":{"1":[1,0],"2":[1,1]},"f":{"1":1,"2":1},"fnMap":{"1":{"name":"_interopRequireDefault","line":0,"loc":{"start":{"line":0,"column":0},"end":{"line":0,"column":0}},"skip":true},"2":{"name":"route","line":6,"loc":{"start":{"line":6,"column":15},"end":{"line":6,"column":35}}}},"statementMap":{"1":{"start":{"line":0,"column":0},"end":{"line":0,"column":0},"skip":true},"2":{"start":{"line":6,"column":24},"end":{"line":null,"column":null}},"3":{"start":{"line":1,"column":0},"end":{"line":null,"column":null}},"4":{"start":{"line":4,"column":0},"end":{"line":null,"column":null}},"5":{"start":{"line":0,"column":0},"end":{"line":0,"column":0},"skip":true},"6":{"start":{"line":0,"column":0},"end":{"line":0,"column":0},"skip":true},"7":{"start":{"line":0,"column":0},"end":{"line":0,"column":0},"skip":true},"8":{"start":{"line":6,"column":15},"end":{"line":null,"column":null}},"9":{"start":{"line":7,"column":6},"end":{"line":null,"column":null}},"10":{"start":{"line":9,"column":6},"end":{"line":null,"column":null}},"11":{"start":{"line":11,"column":6},"end":{"line":null,"column":null}},"12":{"start":{"line":13,"column":6},"end":{"line":null,"column":null}}},"branchMap":{"1":{"line":0,"type":"cond-expr","locations":[{"start":{"line":0,"column":0},"end":{"line":0,"column":0},"skip":true},{"start":{"line":0,"column":0},"end":{"line":0,"column":0},"skip":true}]},"2":{"line":0,"type":"binary-expr","locations":[{"start":{"line":0,"column":0},"end":{"line":0,"column":0},"skip":true},{"start":{"line":0,"column":0},"end":{"line":0,"column":0},"skip":true}]}}},"/home/phemmelliot/Desktop/Andela/Andela-Developer-Challenge/app/controller/userController.js":{"path":"/home/phemmelliot/Desktop/Andela/Andela-Developer-Challenge/app/controller/userController.js","s":{"1":1,"2":1,"3":1,"4":1,"5":1,"6":1,"7":1,"8":1,"9":1,"10":1,"11":1,"12":1,"13":4,"14":1,"15":1,"16":1,"17":3,"18":3,"19":0,"20":0,"21":3,"22":3,"23":1,"24":2,"25":2,"26":0,"27":2,"28":2,"29":2,"30":1,"31":1,"32":1,"33":1,"34":1,"35":1,"36":1,"37":1,"38":0,"39":0,"40":1,"41":7,"42":3,"43":3,"44":4,"45":2,"46":2,"47":2,"48":2,"49":1,"50":8,"51":4,"52":4,"53":4,"54":4,"55":0,"56":0,"57":4,"58":4,"59":3,"60":3,"61":0,"62":3,"63":1,"64":1,"65":0,"66":0,"67":1,"68":2,"69":2,"70":2,"71":1,"72":1,"73":2,"74":2,"75":0,"76":0,"77":2,"78":2,"79":1,"80":1,"81":1,"82":1,"83":0,"84":0,"85":0,"86":0,"87":0,"88":0,"89":0,"90":0,"91":0,"92":0,"93":0,"94":0,"95":0,"96":1,"97":1,"98":1,"99":1},"b":{"1":[1,3],"2":[4,4],"3":[0,3],"4":[1,2],"5":[0,2],"6":[2,0],"7":[1,1],"8":[3,4],"9":[7,6],"10":[2,2],"11":[4,3],"12":[2,0],"13":[2,1],"14":[4,4],"15":[8,6,5],"16":[0,4],"17":[3,1],"18":[0,3],"19":[1,2],"20":[3,1],"21":[0,1],"22":[2,0],"23":[2,0],"24":[0,2],"25":[1,1],"26":[0,0],"27":[0,0],"28":[0,0]},"f":{"1":4,"2":3,"3":3,"4":2,"5":7,"6":8,"7":4,"8":3,"9":1,"10":2,"11":2,"12":0,"13":0,"14":0},"fnMap":{"1":{"name":"_interopRequireDefault","line":0,"loc":{"start":{"line":0,"column":0},"end":{"line":0,"column":0}},"skip":true},"2":{"name":"loginQuery","line":12,"loc":{"start":{"line":12,"column":19},"end":{"line":12,"column":40}}},"3":{"name":"(anonymous_3)","line":13,"loc":{"start":{"line":13,"column":73},"end":{"line":13,"column":91}}},"4":{"name":"(anonymous_4)","line":23,"loc":{"start":{"line":23,"column":10},"end":{"line":23,"column":38}}},"5":{"name":"logIn","line":58,"loc":{"start":{"line":58,"column":14},"end":{"line":58,"column":28}}},"6":{"name":"createUser","line":71,"loc":{"start":{"line":71,"column":19},"end":{"line":71,"column":33}}},"7":{"name":"(anonymous_7)","line":76,"loc":{"start":{"line":76,"column":75},"end":{"line":76,"column":93}}},"8":{"name":"(anonymous_8)","line":83,"loc":{"start":{"line":83,"column":45},"end":{"line":83,"column":60}}},"9":{"name":"(anonymous_9)","line":90,"loc":{"start":{"line":90,"column":59},"end":{"line":90,"column":73}}},"10":{"name":"getProfile","line":111,"loc":{"start":{"line":111,"column":19},"end":{"line":111,"column":33}}},"11":{"name":"(anonymous_11)","line":112,"loc":{"start":{"line":112,"column":94},"end":{"line":112,"column":113}}},"12":{"name":"updateProfile","line":128,"loc":{"start":{"line":128,"column":22},"end":{"line":128,"column":36}}},"13":{"name":"(anonymous_13)","line":130,"loc":{"start":{"line":130,"column":62},"end":{"line":130,"column":73}}},"14":{"name":"(anonymous_14)","line":135,"loc":{"start":{"line":135,"column":100},"end":{"line":135,"column":116}}}},"statementMap":{"1":{"start":{"line":0,"column":0},"end":{"line":0,"column":0},"skip":true},"2":{"start":{"line":0,"column":0},"end":{"line":0,"column":0},"skip":true},"3":{"start":{"line":1,"column":0},"end":{"line":null,"column":null}},"4":{"start":{"line":0,"column":0},"end":{"line":0,"column":0},"skip":true},"5":{"start":{"line":2,"column":0},"end":{"line":null,"column":null}},"6":{"start":{"line":0,"column":0},"end":{"line":0,"column":0},"skip":true},"7":{"start":{"line":3,"column":0},"end":{"line":null,"column":null}},"8":{"start":{"line":0,"column":0},"end":{"line":0,"column":0},"skip":true},"9":{"start":{"line":4,"column":0},"end":{"line":null,"column":null}},"10":{"start":{"line":0,"column":0},"end":{"line":0,"column":0},"skip":true},"11":{"start":{"line":5,"column":0},"end":{"line":null,"column":null}},"12":{"start":{"line":0,"column":0},"end":{"line":0,"column":0},"skip":true},"13":{"start":{"line":0,"column":0},"end":{"line":0,"column":0},"skip":true},"14":{"start":{"line":7,"column":0},"end":{"line":null,"column":null}},"15":{"start":{"line":9,"column":0},"end":{"line":null,"column":null}},"16":{"start":{"line":12,"column":0},"end":{"line":null,"column":null}},"17":{"start":{"line":13,"column":7},"end":{"line":null,"column":null}},"18":{"start":{"line":14,"column":8},"end":{"line":null,"column":null}},"19":{"start":{"line":15,"column":12},"end":{"line":null,"column":null}},"20":{"start":{"line":16,"column":10},"end":{"line":null,"column":null}},"21":{"start":{"line":18,"column":12},"end":{"line":null,"column":null}},"22":{"start":{"line":19,"column":10},"end":{"line":null,"column":null}},"23":{"start":{"line":20,"column":12},"end":{"line":null,"column":null}},"24":{"start":{"line":22,"column":15},"end":{"line":null,"column":null}},"25":{"start":{"line":24,"column":16},"end":{"line":null,"column":null}},"26":{"start":{"line":25,"column":18},"end":{"line":null,"column":null}},"27":{"start":{"line":26,"column":19},"end":{"line":null,"column":null}},"28":{"start":{"line":27,"column":20},"end":{"line":null,"column":null}},"29":{"start":{"line":37,"column":18},"end":{"line":null,"column":null}},"30":{"start":{"line":38,"column":22},"end":{"line":null,"column":null}},"31":{"start":{"line":39,"column":26},"end":{"line":null,"column":null}},"32":{"start":{"line":40,"column":26},"end":{"line":null,"column":null}},"33":{"start":{"line":41,"column":20},"end":{"line":null,"column":null}},"34":{"start":{"line":43,"column":22},"end":{"line":null,"column":null}},"35":{"start":{"line":44,"column":28},"end":{"line":null,"column":null}},"36":{"start":{"line":45,"column":28},"end":{"line":null,"column":null}},"37":{"start":{"line":46,"column":20},"end":{"line":null,"column":null}},"38":{"start":{"line":49,"column":20},"end":{"line":null,"column":null}},"39":{"start":{"line":50,"column":18},"end":{"line":null,"column":null}},"40":{"start":{"line":58,"column":0},"end":{"line":null,"column":null}},"41":{"start":{"line":59,"column":6},"end":{"line":null,"column":null}},"42":{"start":{"line":60,"column":15},"end":{"line":null,"column":null}},"43":{"start":{"line":61,"column":8},"end":{"line":null,"column":null}},"44":{"start":{"line":62,"column":9},"end":{"line":null,"column":null}},"45":{"start":{"line":63,"column":15},"end":{"line":null,"column":null}},"46":{"start":{"line":64,"column":9},"end":{"line":null,"column":null}},"47":{"start":{"line":65,"column":10},"end":{"line":null,"column":null}},"48":{"start":{"line":66,"column":8},"end":{"line":null,"column":null}},"49":{"start":{"line":71,"column":0},"end":{"line":null,"column":null}},"50":{"start":{"line":72,"column":6},"end":{"line":null,"column":null}},"51":{"start":{"line":73,"column":15},"end":{"line":null,"column":null}},"52":{"start":{"line":74,"column":8},"end":{"line":null,"column":null}},"53":{"start":{"line":76,"column":9},"end":{"line":null,"column":null}},"54":{"start":{"line":77,"column":10},"end":{"line":null,"column":null}},"55":{"start":{"line":78,"column":14},"end":{"line":null,"column":null}},"56":{"start":{"line":79,"column":12},"end":{"line":null,"column":null}},"57":{"start":{"line":81,"column":14},"end":{"line":null,"column":null}},"58":{"start":{"line":82,"column":12},"end":{"line":null,"column":null}},"59":{"start":{"line":83,"column":17},"end":{"line":null,"column":null}},"60":{"start":{"line":84,"column":16},"end":{"line":null,"column":null}},"61":{"start":{"line":85,"column":18},"end":{"line":null,"column":null}},"62":{"start":{"line":88,"column":19},"end":{"line":null,"column":null}},"63":{"start":{"line":89,"column":19},"end":{"line":null,"column":null}},"64":{"start":{"line":91,"column":22},"end":{"line":null,"column":null}},"65":{"start":{"line":92,"column":26},"end":{"line":null,"column":null}},"66":{"start":{"line":93,"column":24},"end":{"line":null,"column":null}},"67":{"start":{"line":95,"column":31},"end":{"line":null,"column":null}},"68":{"start":{"line":98,"column":19},"end":{"line":null,"column":null}},"69":{"start":{"line":99,"column":20},"end":{"line":null,"column":null}},"70":{"start":{"line":100,"column":18},"end":{"line":null,"column":null}},"71":{"start":{"line":104,"column":14},"end":{"line":null,"column":null}},"72":{"start":{"line":111,"column":0},"end":{"line":null,"column":null}},"73":{"start":{"line":112,"column":7},"end":{"line":null,"column":null}},"74":{"start":{"line":113,"column":8},"end":{"line":null,"column":null}},"75":{"start":{"line":114,"column":12},"end":{"line":null,"column":null}},"76":{"start":{"line":115,"column":10},"end":{"line":null,"column":null}},"77":{"start":{"line":117,"column":12},"end":{"line":null,"column":null}},"78":{"start":{"line":118,"column":10},"end":{"line":null,"column":null}},"79":{"start":{"line":119,"column":12},"end":{"line":null,"column":null}},"80":{"start":{"line":121,"column":14},"end":{"line":null,"column":null}},"81":{"start":{"line":122,"column":12},"end":{"line":null,"column":null}},"82":{"start":{"line":128,"column":0},"end":{"line":null,"column":null}},"83":{"start":{"line":129,"column":7},"end":{"line":null,"column":null}},"84":{"start":{"line":131,"column":10},"end":{"line":null,"column":null}},"85":{"start":{"line":132,"column":14},"end":{"line":null,"column":null}},"86":{"start":{"line":133,"column":12},"end":{"line":null,"column":null}},"87":{"start":{"line":135,"column":13},"end":{"line":null,"column":null}},"88":{"start":{"line":136,"column":14},"end":{"line":null,"column":null}},"89":{"start":{"line":137,"column":18},"end":{"line":null,"column":null}},"90":{"start":{"line":138,"column":16},"end":{"line":null,"column":null}},"91":{"start":{"line":141,"column":18},"end":{"line":null,"column":null}},"92":{"start":{"line":142,"column":16},"end":{"line":null,"column":null}},"93":{"start":{"line":143,"column":18},"end":{"line":null,"column":null}},"94":{"start":{"line":145,"column":20},"end":{"line":null,"column":null}},"95":{"start":{"line":146,"column":18},"end":{"line":null,"column":null}},"96":{"start":{"line":155,"column":2},"end":{"line":null,"column":null}},"97":{"start":{"line":155,"column":14},"end":{"line":null,"column":null}},"98":{"start":{"line":155,"column":21},"end":{"line":null,"column":null}},"99":{"start":{"line":155,"column":33},"end":{"line":null,"column":null}}},"branchMap":{"1":{"line":0,"type":"cond-expr","locations":[{"start":{"line":0,"column":0},"end":{"line":0,"column":0},"skip":true},{"start":{"line":0,"column":0},"end":{"line":0,"column":0},"skip":true}]},"2":{"line":0,"type":"binary-expr","locations":[{"start":{"line":0,"column":0},"end":{"line":0,"column":0},"skip":true},{"start":{"line":0,"column":0},"end":{"line":0,"column":0},"skip":true}]},"3":{"line":14,"type":"if","locations":[{"start":{"line":14,"column":8},"end":{"line":14,"column":8}},{"start":{"line":14,"column":8},"end":{"line":14,"column":8}}]},"4":{"line":19,"type":"if","locations":[{"start":{"line":19,"column":10},"end":{"line":19,"column":10}},{"start":{"line":19,"column":10},"end":{"line":19,"column":10}}]},"5":{"line":24,"type":"if","locations":[{"start":{"line":24,"column":16},"end":{"line":24,"column":16}},{"start":{"line":24,"column":16},"end":{"line":24,"column":16}}]},"6":{"line":26,"type":"if","locations":[{"start":{"line":26,"column":19},"end":{"line":26,"column":19}},{"start":{"line":26,"column":19},"end":{"line":26,"column":19}}]},"7":{"line":37,"type":"if","locations":[{"start":{"line":37,"column":18},"end":{"line":37,"column":18}},{"start":{"line":37,"column":18},"end":{"line":37,"column":18}}]},"8":{"line":59,"type":"if","locations":[{"start":{"line":59,"column":6},"end":{"line":59,"column":6}},{"start":{"line":59,"column":6},"end":{"line":59,"column":6}}]},"9":{"line":59,"type":"binary-expr","locations":[{"start":{"line":59,"column":6},"end":{"line":59,"column":33}},{"start":{"line":59,"column":33},"end":{"line":59,"column":2}}]},"10":{"line":62,"type":"if","locations":[{"start":{"line":62,"column":9},"end":{"line":62,"column":9}},{"start":{"line":62,"column":9},"end":{"line":62,"column":9}}]},"11":{"line":62,"type":"binary-expr","locations":[{"start":{"line":62,"column":13},"end":{"line":62,"column":46}},{"start":{"line":62,"column":46},"end":{"line":62,"column":9}}]},"12":{"line":64,"type":"if","locations":[{"start":{"line":64,"column":9},"end":{"line":64,"column":9}},{"start":{"line":64,"column":9},"end":{"line":64,"column":9}}]},"13":{"line":64,"type":"binary-expr","locations":[{"start":{"line":64,"column":13},"end":{"line":64,"column":13}},{"start":{"line":64,"column":47},"end":{"line":64,"column":9}}]},"14":{"line":72,"type":"if","locations":[{"start":{"line":72,"column":6},"end":{"line":72,"column":6}},{"start":{"line":72,"column":6},"end":{"line":72,"column":6}}]},"15":{"line":72,"type":"binary-expr","locations":[{"start":{"line":72,"column":6},"end":{"line":72,"column":33}},{"start":{"line":72,"column":33},"end":{"line":72,"column":6}},{"start":{"line":72,"column":63},"end":{"line":72,"column":2}}]},"16":{"line":77,"type":"if","locations":[{"start":{"line":77,"column":10},"end":{"line":77,"column":10}},{"start":{"line":77,"column":10},"end":{"line":77,"column":10}}]},"17":{"line":82,"type":"if","locations":[{"start":{"line":82,"column":12},"end":{"line":82,"column":12}},{"start":{"line":82,"column":12},"end":{"line":82,"column":12}}]},"18":{"line":84,"type":"if","locations":[{"start":{"line":84,"column":16},"end":{"line":84,"column":16}},{"start":{"line":84,"column":16},"end":{"line":84,"column":16}}]},"19":{"line":88,"type":"if","locations":[{"start":{"line":88,"column":19},"end":{"line":88,"column":19}},{"start":{"line":88,"column":19},"end":{"line":88,"column":19}}]},"20":{"line":88,"type":"binary-expr","locations":[{"start":{"line":88,"column":23},"end":{"line":88,"column":56}},{"start":{"line":88,"column":56},"end":{"line":88,"column":19}}]},"21":{"line":91,"type":"if","locations":[{"start":{"line":91,"column":22},"end":{"line":91,"column":22}},{"start":{"line":91,"column":22},"end":{"line":91,"column":22}}]},"22":{"line":98,"type":"if","locations":[{"start":{"line":98,"column":19},"end":{"line":98,"column":19}},{"start":{"line":98,"column":19},"end":{"line":98,"column":19}}]},"23":{"line":98,"type":"binary-expr","locations":[{"start":{"line":98,"column":23},"end":{"line":98,"column":23}},{"start":{"line":98,"column":57},"end":{"line":98,"column":19}}]},"24":{"line":113,"type":"if","locations":[{"start":{"line":113,"column":8},"end":{"line":113,"column":8}},{"start":{"line":113,"column":8},"end":{"line":113,"column":8}}]},"25":{"line":118,"type":"if","locations":[{"start":{"line":118,"column":10},"end":{"line":118,"column":10}},{"start":{"line":118,"column":10},"end":{"line":118,"column":10}}]},"26":{"line":131,"type":"if","locations":[{"start":{"line":131,"column":10},"end":{"line":131,"column":10}},{"start":{"line":131,"column":10},"end":{"line":131,"column":10}}]},"27":{"line":136,"type":"if","locations":[{"start":{"line":136,"column":14},"end":{"line":136,"column":14}},{"start":{"line":136,"column":14},"end":{"line":136,"column":14}}]},"28":{"line":142,"type":"if","locations":[{"start":{"line":142,"column":16},"end":{"line":142,"column":16}},{"start":{"line":142,"column":16},"end":{"line":142,"column":16}}]}}},"/home/phemmelliot/Desktop/Andela/Andela-Developer-Challenge/app/controller/validate.js":{"path":"/home/phemmelliot/Desktop/Andela/Andela-Developer-Challenge/app/controller/validate.js","s":{"1":1,"2":1,"3":11,"4":11,"5":1,"6":5,"7":2,"8":3,"9":1,"10":32,"11":5,"12":27,"13":25,"14":2,"15":1,"16":1,"17":1},"b":{"1":[2,3],"2":[5,3],"3":[5,27],"4":[25,2]},"f":{"1":11,"2":5,"3":32},"fnMap":{"1":{"name":"validateEmail","line":1,"loc":{"start":{"line":1,"column":22},"end":{"line":1,"column":33}}},"2":{"name":"validatePassword","line":6,"loc":{"start":{"line":6,"column":25},"end":{"line":6,"column":39}}},"3":{"name":"isEmpty","line":14,"loc":{"start":{"line":14,"column":16},"end":{"line":14,"column":27}}}},"statementMap":{"1":{"start":{"line":0,"column":0},"end":{"line":0,"column":0},"skip":true},"2":{"start":{"line":1,"column":0},"end":{"line":null,"column":null}},"3":{"start":{"line":2,"column":8},"end":{"line":null,"column":null}},"4":{"start":{"line":3,"column":9},"end":{"line":null,"column":null}},"5":{"start":{"line":6,"column":0},"end":{"line":null,"column":null}},"6":{"start":{"line":7,"column":5},"end":{"line":null,"column":null}},"7":{"start":{"line":8,"column":11},"end":{"line":null,"column":null}},"8":{"start":{"line":10,"column":11},"end":{"line":null,"column":null}},"9":{"start":{"line":14,"column":0},"end":{"line":null,"column":null}},"10":{"start":{"line":15,"column":6},"end":{"line":null,"column":null}},"11":{"start":{"line":16,"column":11},"end":{"line":null,"column":null}},"12":{"start":{"line":18,"column":7},"end":{"line":null,"column":null}},"13":{"start":{"line":19,"column":11},"end":{"line":null,"column":null}},"14":{"start":{"line":21,"column":11},"end":{"line":null,"column":null}},"15":{"start":{"line":25,"column":9},"end":{"line":null,"column":null}},"16":{"start":{"line":25,"column":24},"end":{"line":null,"column":null}},"17":{"start":{"line":25,"column":42},"end":{"line":null,"column":null}}},"branchMap":{"1":{"line":7,"type":"if","locations":[{"start":{"line":7,"column":5},"end":{"line":7,"column":5}},{"start":{"line":7,"column":5},"end":{"line":7,"column":5}}]},"2":{"line":7,"type":"binary-expr","locations":[{"start":{"line":7,"column":5},"end":{"line":7,"column":5}},{"start":{"line":7,"column":28},"end":{"line":7,"column":2}}]},"3":{"line":15,"type":"if","locations":[{"start":{"line":15,"column":6},"end":{"line":15,"column":6}},{"start":{"line":15,"column":6},"end":{"line":15,"column":6}}]},"4":{"line":18,"type":"if","locations":[{"start":{"line":18,"column":7},"end":{"line":18,"column":7}},{"start":{"line":18,"column":7},"end":{"line":18,"column":7}}]}}},"/home/phemmelliot/Desktop/Andela/Andela-Developer-Challenge/app/db/db.js":{"path":"/home/phemmelliot/Desktop/Andela/Andela-Developer-Challenge/app/db/db.js","s":{"1":1,"2":1,"3":1,"4":1,"5":1,"6":1,"7":2,"8":2,"9":1},"b":{"1":[1,0],"2":[1,1]},"f":{"1":1,"2":2,"3":2,"4":2},"fnMap":{"1":{"name":"_interopRequireDefault","line":0,"loc":{"start":{"line":0,"column":0},"end":{"line":0,"column":0}},"skip":true},"2":{"name":"addTables","line":11,"loc":{"start":{"line":11,"column":18},"end":{"line":11,"column":24}}},"3":{"name":"(anonymous_3)","line":13,"loc":{"start":{"line":13,"column":4},"end":{"line":13,"column":10}}},"4":{"name":"(anonymous_4)","line":17,"loc":{"start":{"line":17,"column":4},"end":{"line":17,"column":10}}}},"statementMap":{"1":{"start":{"line":0,"column":0},"end":{"line":0,"column":0},"skip":true},"2":{"start":{"line":2,"column":0},"end":{"line":null,"column":null}},"3":{"start":{"line":0,"column":0},"end":{"line":0,"column":0},"skip":true},"4":{"start":{"line":0,"column":0},"end":{"line":0,"column":0},"skip":true},"5":{"start":{"line":0,"column":0},"end":{"line":0,"column":0},"skip":true},"6":{"start":{"line":11,"column":0},"end":{"line":null,"column":null}},"7":{"start":{"line":12,"column":7},"end":{"line":null,"column":null}},"8":{"start":{"line":16,"column":7},"end":{"line":null,"column":null}},"9":{"start":{"line":21,"column":15},"end":{"line":null,"column":null}}},"branchMap":{"1":{"line":0,"type":"cond-expr","locations":[{"start":{"line":0,"column":0},"end":{"line":0,"column":0},"skip":true},{"start":{"line":0,"column":0},"end":{"line":0,"column":0},"skip":true}]},"2":{"line":0,"type":"binary-expr","locations":[{"start":{"line":0,"column":0},"end":{"line":0,"column":0},"skip":true},{"start":{"line":0,"column":0},"end":{"line":0,"column":0},"skip":true}]}}}}